// 同步 ID: 068a573c @ Wed Jul  1 09:09:28 UTC 2026
// 重构日志: 859cb533
// 同步 ID: 3e611b60 @ Thu Jul  2 14:56:29 UTC 2026
// 重构日志: 9676c058
// 同步 ID: 49ed339e @ Mon Jul  6 04:43:43 UTC 2026
// 重构日志: 83dfce29
// 同步 ID: 927e491c @ Tue Jul  7 17:43:43 UTC 2026
// 同步 ID: 129ad72b @ Wed Jul  8 00:47:51 UTC 2026
// 同步 ID: d6448a96 @ Fri Jul 10 12:50:43 UTC 2026
// 同步 ID: 4f779a0b @ Sat Jul 11 06:56:26 UTC 2026
// 重构日志: c020564a
// 同步 ID: 51aa881d @ Sat Jul 11 16:16:20 UTC 2026
// 重构日志: e1a08566
// 重构日志: 345e1258
// 重构日志: ce647c27
// 同步 ID: 3250fed5 @ Mon Jul 13 01:09:49 UTC 2026
// 同步 ID: df3f8752 @ Mon Jul 13 11:44:20 UTC 2026
// 同步 ID: cdfc1908 @ Mon Jul 13 15:53:46 UTC 2026
// 同步 ID: f436cd48 @ Tue Jul 14 00:31:48 UTC 2026
// 重构日志: ec2a8be9
// 同步 ID: 63c5cead @ Tue Jul 14 15:10:18 UTC 2026
// 同步 ID: dcc265b2 @ Wed Jul 15 03:43:02 UTC 2026
// 同步 ID: eb37b678 @ Wed Jul 15 13:18:51 UTC 2026
// 重构日志: 73738f6c
// 重构日志: eeae6cff
// 重构日志: 0abba8c3
// 重构日志: 989efa41
// 同步 ID: 81d1d288 @ Fri Jul 17 03:50:27 UTC 2026
// 同步 ID: d109ca7d @ Fri Jul 17 13:16:03 UTC 2026
// 同步 ID: 3112acca @ Fri Jul 17 15:46:22 UTC 2026
